2018-12-30 18:14:59 30244 [Note] Plugin 'FEDERATED' is disabled.
2018-12-30 18:14:59 30244 [Note] InnoDB: The InnoDB memory heap is disabled
2018-12-30 18:14:59 30244 [Note] InnoDB: Mutexes and rw_locks use Windows interlocked functions
2018-12-30 18:14:59 30244 [Note] InnoDB: Compressed tables use zlib 1.2.3
2018-12-30 18:14:59 30244 [Note] InnoDB: Not using CPU crc32 instructions
2018-12-30 18:14:59 30244 [Note] InnoDB: Initializing buffer pool, size = 128.0M
2018-12-30 18:14:59 30244 [Note] InnoDB: Completed initialization of buffer pool
2018-12-30 18:14:59 30244 [Note] InnoDB: Setting log file D:\UsbWebServer\mysql\data\ib_logfile101 size to 5 MB
2018-12-30 18:15:00 30244 [Note] InnoDB: Setting log file D:\UsbWebServer\mysql\data\ib_logfile1 size to 5 MB
2018-12-30 18:15:00 30244 [Note] InnoDB: Renaming log file D:\UsbWebServer\mysql\data\ib_logfile101 to D:\UsbWebServer\mysql\data\ib_logfile0
2018-12-30 18:15:00 30244 [Warning] InnoDB: New log files created, LSN=1626134
2018-12-30 18:15:00 30244 [Note] InnoDB: Highest supported file format is Barracuda.
2018-12-30 18:15:00 30244 [Note] InnoDB: 128 rollback segment(s) are active.
2018-12-30 18:15:00 30244 [Note] InnoDB: Waiting for purge to start
2018-12-30 18:15:00 30244 [Note] InnoDB: 5.6.13 started; log sequence number 1626636
2018-12-30 18:15:00 30244 [Warning] No existing UUID has been found, so we assume that this is the first time that this server has been started. Generating a new UUID: bb31f24e-0c88-11e9-b496-0a002700000a.
2018-12-30 18:15:00 30244 [Note] Server hostname (bind-address): '*'; port: 3307
2018-12-30 18:15:00 30244 [Note] IPv6 is available.
2018-12-30 18:15:00 30244 [Note]   - '::' resolves to '::';
2018-12-30 18:15:00 30244 [Note] Server socket created on IP: '::'.
2018-12-30 18:15:00 30244 [ERROR] Can't start server: Bind on TCP/IP port: No such file or directory
2018-12-30 18:15:00 30244 [ERROR] Do you already have another mysqld server running on port: 3307 ?
2018-12-30 18:15:00 30244 [ERROR] Aborting

2018-12-30 18:15:00 30244 [Note] Binlog end
2018-12-30 18:15:00 30244 [Note] Shutting down plugin 'partition'
2018-12-30 18:15:00 30244 [Note] Shutting down plugin 'PERFORMANCE_SCHEMA'
2018-12-30 18:15:00 30244 [Note] Shutting down plugin 'INNODB_SYS_DATAFILES'
2018-12-30 18:15:00 30244 [Note] Shutting down plugin 'INNODB_SYS_TABLESPACES'
2018-12-30 18:15:00 30244 [Note] Shutting down plugin 'INNODB_SYS_FOREIGN_COLS'
2018-12-30 18:15:00 30244 [Note] Shutting down plugin 'INNODB_SYS_FOREIGN'
2018-12-30 18:15:00 30244 [Note] Shutting down plugin 'INNODB_SYS_FIELDS'
2018-12-30 18:15:00 30244 [Note] Shutting down plugin 'INNODB_SYS_COLUMNS'
2018-12-30 18:15:00 30244 [Note] Shutting down plugin 'INNODB_SYS_INDEXES'
2018-12-30 18:15:00 30244 [Note] Shutting down plugin 'INNODB_SYS_TABLESTATS'
2018-12-30 18:15:00 30244 [Note] Shutting down plugin 'INNODB_SYS_TABLES'
2018-12-30 18:15:00 30244 [Note] Shutting down plugin 'INNODB_FT_INDEX_TABLE'
2018-12-30 18:15:00 30244 [Note] Shutting down plugin 'INNODB_FT_INDEX_CACHE'
2018-12-30 18:15:00 30244 [Note] Shutting down plugin 'INNODB_FT_CONFIG'
2018-12-30 18:15:00 30244 [Note] Shutting down plugin 'INNODB_FT_BEING_DELETED'
2018-12-30 18:15:00 30244 [Note] Shutting down plugin 'INNODB_FT_DELETED'
2018-12-30 18:15:00 30244 [Note] Shutting down plugin 'INNODB_FT_DEFAULT_STOPWORD'
2018-12-30 18:15:00 30244 [Note] Shutting down plugin 'INNODB_METRICS'
2018-12-30 18:15:00 30244 [Note] Shutting down plugin 'INNODB_BUFFER_POOL_STATS'
2018-12-30 18:15:00 30244 [Note] Shutting down plugin 'INNODB_BUFFER_PAGE_LRU'
2018-12-30 18:15:00 30244 [Note] Shutting down plugin 'INNODB_BUFFER_PAGE'
2018-12-30 18:15:00 30244 [Note] Shutting down plugin 'INNODB_CMP_PER_INDEX_RESET'
2018-12-30 18:15:00 30244 [Note] Shutting down plugin 'INNODB_CMP_PER_INDEX'
2018-12-30 18:15:00 30244 [Note] Shutting down plugin 'INNODB_CMPMEM_RESET'
2018-12-30 18:15:00 30244 [Note] Shutting down plugin 'INNODB_CMPMEM'
2018-12-30 18:15:00 30244 [Note] Shutting down plugin 'INNODB_CMP_RESET'
2018-12-30 18:15:00 30244 [Note] Shutting down plugin 'INNODB_CMP'
2018-12-30 18:15:00 30244 [Note] Shutting down plugin 'INNODB_LOCK_WAITS'
2018-12-30 18:15:00 30244 [Note] Shutting down plugin 'INNODB_LOCKS'
2018-12-30 18:15:00 30244 [Note] Shutting down plugin 'INNODB_TRX'
2018-12-30 18:15:00 30244 [Note] Shutting down plugin 'InnoDB'
2018-12-30 18:15:00 30244 [Note] InnoDB: FTS optimize thread exiting.
2018-12-30 18:15:00 30244 [Note] InnoDB: Starting shutdown...
2018-12-30 18:15:02 30244 [Note] InnoDB: Shutdown completed; log sequence number 1626646
2018-12-30 18:15:02 30244 [Note] Shutting down plugin 'BLACKHOLE'
2018-12-30 18:15:02 30244 [Note] Shutting down plugin 'ARCHIVE'
2018-12-30 18:15:02 30244 [Note] Shutting down plugin 'MRG_MYISAM'
2018-12-30 18:15:02 30244 [Note] Shutting down plugin 'MyISAM'
2018-12-30 18:15:02 30244 [Note] Shutting down plugin 'MEMORY'
2018-12-30 18:15:02 30244 [Note] Shutting down plugin 'CSV'
2018-12-30 18:15:02 30244 [Note] Shutting down plugin 'sha256_password'
2018-12-30 18:15:02 30244 [Note] Shutting down plugin 'mysql_old_password'
2018-12-30 18:15:02 30244 [Note] Shutting down plugin 'mysql_native_password'
2018-12-30 18:15:02 30244 [Note] Shutting down plugin 'binlog'
2018-12-30 18:15:02 30244 [Note] D:\UsbWebServer/mysql/bin/mysqld_usbwv8.exe: Shutdown complete

2018-12-30 18:16:12 14940 [Note] Plugin 'FEDERATED' is disabled.
2018-12-30 18:16:12 14940 [Note] InnoDB: The InnoDB memory heap is disabled
2018-12-30 18:16:12 14940 [Note] InnoDB: Mutexes and rw_locks use Windows interlocked functions
2018-12-30 18:16:12 14940 [Note] InnoDB: Compressed tables use zlib 1.2.3
2018-12-30 18:16:12 14940 [Note] InnoDB: Not using CPU crc32 instructions
2018-12-30 18:16:12 14940 [Note] InnoDB: Initializing buffer pool, size = 128.0M
2018-12-30 18:16:12 14940 [Note] InnoDB: Completed initialization of buffer pool
2018-12-30 18:16:12 14940 [Note] InnoDB: Highest supported file format is Barracuda.
2018-12-30 18:16:12 14940 [Note] InnoDB: 128 rollback segment(s) are active.
2018-12-30 18:16:12 14940 [Note] InnoDB: Waiting for purge to start
2018-12-30 18:16:12 14940 [Note] InnoDB: 5.6.13 started; log sequence number 1626646
2018-12-30 18:16:12 14940 [Note] Server hostname (bind-address): '*'; port: 3307
2018-12-30 18:16:12 14940 [Note] IPv6 is available.
2018-12-30 18:16:12 14940 [Note]   - '::' resolves to '::';
2018-12-30 18:16:12 14940 [Note] Server socket created on IP: '::'.
2018-12-30 18:35:26 18768 [Note] Plugin 'FEDERATED' is disabled.
2018-12-30 18:35:27 18768 [Note] InnoDB: The InnoDB memory heap is disabled
2018-12-30 18:35:27 18768 [Note] InnoDB: Mutexes and rw_locks use Windows interlocked functions
2018-12-30 18:35:27 18768 [Note] InnoDB: Compressed tables use zlib 1.2.3
2018-12-30 18:35:27 18768 [Note] InnoDB: Not using CPU crc32 instructions
2018-12-30 18:35:27 18768 [Note] InnoDB: Initializing buffer pool, size = 128.0M
2018-12-30 18:35:27 18768 [Note] InnoDB: Completed initialization of buffer pool
2018-12-30 18:35:27 18768 [Note] InnoDB: Highest supported file format is Barracuda.
2018-12-30 18:35:27 18768 [Note] InnoDB: The log sequence numbers 1626646 and 1626646 in ibdata files do not match the log sequence number 1660286 in the ib_logfiles!
2018-12-30 18:35:27 18768 [Note] InnoDB: Database was not shutdown normally!
2018-12-30 18:35:27 18768 [Note] InnoDB: Starting crash recovery.
2018-12-30 18:35:27 18768 [Note] InnoDB: Reading tablespace information from the .ibd files...
2018-12-30 18:35:27 18768 [Note] InnoDB: Restoring possible half-written data pages 
2018-12-30 18:35:27 18768 [Note] InnoDB: from the doublewrite buffer...
2018-12-30 18:35:27 18768 [Note] InnoDB: 128 rollback segment(s) are active.
2018-12-30 18:35:27 18768 [Note] InnoDB: Waiting for purge to start
2018-12-30 18:35:27 18768 [Note] InnoDB: 5.6.13 started; log sequence number 1660286
2018-12-30 18:35:27 18768 [Note] Server hostname (bind-address): '*'; port: 3307
2018-12-30 18:35:27 18768 [Note] IPv6 is available.
2018-12-30 18:35:27 18768 [Note]   - '::' resolves to '::';
2018-12-30 18:35:27 18768 [Note] Server socket created on IP: '::'.
2018-12-30 18:50:56 20916 [Note] Plugin 'FEDERATED' is disabled.
2018-12-30 18:50:56 20916 [Note] InnoDB: The InnoDB memory heap is disabled
2018-12-30 18:50:56 20916 [Note] InnoDB: Mutexes and rw_locks use Windows interlocked functions
2018-12-30 18:50:56 20916 [Note] InnoDB: Compressed tables use zlib 1.2.3
2018-12-30 18:50:56 20916 [Note] InnoDB: Not using CPU crc32 instructions
2018-12-30 18:50:56 20916 [Note] InnoDB: Initializing buffer pool, size = 128.0M
2018-12-30 18:50:56 20916 [Note] InnoDB: Completed initialization of buffer pool
2018-12-30 18:50:56 20916 [Note] InnoDB: Highest supported file format is Barracuda.
2018-12-30 18:50:56 20916 [Note] InnoDB: The log sequence numbers 1626646 and 1626646 in ibdata files do not match the log sequence number 1660296 in the ib_logfiles!
2018-12-30 18:50:56 20916 [Note] InnoDB: Database was not shutdown normally!
2018-12-30 18:50:56 20916 [Note] InnoDB: Starting crash recovery.
2018-12-30 18:50:56 20916 [Note] InnoDB: Reading tablespace information from the .ibd files...
2018-12-30 18:50:56 20916 [Note] InnoDB: Restoring possible half-written data pages 
2018-12-30 18:50:56 20916 [Note] InnoDB: from the doublewrite buffer...
2018-12-30 18:50:56 20916 [Note] InnoDB: 128 rollback segment(s) are active.
2018-12-30 18:50:56 20916 [Note] InnoDB: Waiting for purge to start
2018-12-30 18:50:56 20916 [Note] InnoDB: 5.6.13 started; log sequence number 1660296
2018-12-30 18:50:56 20916 [Note] Server hostname (bind-address): '*'; port: 3307
2018-12-30 18:50:56 20916 [Note] IPv6 is available.
2018-12-30 18:50:56 20916 [Note]   - '::' resolves to '::';
2018-12-30 18:50:56 20916 [Note] Server socket created on IP: '::'.
